# JRE version: Java(TM) SE Runtime Environment (8.0_91-b15) (build 1.8.0_91-b15)
# Java VM: Java HotSpot(TM) 64-Bit Server VM (25.91-b15 mixed mode windows-amd64 compressed oops)
Heap:
 PSYoungGen      total 219648K, used 60618K [0x0000000780780000, 0x000000078f300000, 0x00000007c0000000)
  eden space 201728K, 22% used [0x0000000780780000,0x00000007833de398,0x000000078cc80000)
  from space 17920K, 84% used [0x000000078d000000,0x000000078ded4688,0x000000078e180000)
  to   space 6656K, 0% used [0x000000078ec80000,0x000000078ec80000,0x000000078f300000)
 ParOldGen       total 144896K, used 28660K [0x0000000701600000, 0x000000070a380000, 0x0000000780780000)
  object space 144896K, 19% used [0x0000000701600000,0x00000007031fd200,0x000000070a380000)
 Metaspace       used 44651K, capacity 45260K, committed 45568K, reserved 1089536K
  class space    used 5406K, capacity 5556K, committed 5632K, reserved 1048576K
GC Heap History (10 events):
Event: 11.196 GC heap before
{Heap before GC invocations=7 (full 1):
 PSYoungGen      total 106496K, used 105665K [0x0000000780780000, 0x000000078b680000, 0x00000007c0000000)
  eden space 98304K, 100% used [0x0000000780780000,0x0000000786780000,0x0000000786780000)
  from space 8192K, 89% used [0x0000000786780000,0x0000000786eb0700,0x0000000786f80000)
  to   space 13824K, 0% used [0x000000078a900000,0x000000078a900000,0x000000078b680000)
 ParOldGen       total 86016K, used 12031K [0x0000000701600000, 0x0000000706a00000, 0x0000000780780000)
  object space 86016K, 13% used [0x0000000701600000,0x00000007021bff08,0x0000000706a00000)
 Metaspace       used 30500K, capacity 30902K, committed 31104K, reserved 1077248K
  class space    used 3766K, capacity 3925K, committed 3968K, reserved 1048576K
Event: 11.209 GC heap after
Heap after GC invocations=7 (full 1):
 PSYoungGen      total 157696K, used 10223K [0x0000000780780000, 0x000000078b300000, 0x00000007c0000000)
  eden space 147456K, 0% used [0x0000000780780000,0x0000000780780000,0x0000000789780000)
  from space 10240K, 99% used [0x000000078a900000,0x000000078b2fbe50,0x000000078b300000)
  to   space 13312K, 0% used [0x0000000789900000,0x0000000789900000,0x000000078a600000)
 ParOldGen       total 86016K, used 12039K [0x0000000701600000, 0x0000000706a00000, 0x0000000780780000)
  object space 86016K, 13% used [0x0000000701600000,0x00000007021c1f08,0x0000000706a00000)
 Metaspace       used 30500K, capacity 30902K, committed 31104K, reserved 1077248K
  class space    used 3766K, capacity 3925K, committed 3968K, reserved 1048576K
}
Event: 13.971 GC heap before
{Heap before GC invocations=8 (full 1):
 PSYoungGen      total 157696K, used 103518K [0x0000000780780000, 0x000000078b300000, 0x00000007c0000000)
  eden space 147456K, 63% used [0x0000000780780000,0x000000078629bd48,0x0000000789780000)
  from space 10240K, 99% used [0x000000078a900000,0x000000078b2fbe50,0x000000078b300000)
  to   space 13312K, 0% used [0x0000000789900000,0x0000000789900000,0x000000078a600000)
 ParOldGen       total 86016K, used 12039K [0x0000000701600000, 0x0000000706a00000, 0x0000000780780000)
  object space 86016K, 13% used [0x0000000701600000,0x00000007021c1f08,0x0000000706a00000)
 Metaspace       used 34914K, capacity 35324K, committed 35496K, reserved 1081344K
  class space    used 4223K, capacity 4348K, committed 4352K, reserved 1048576K
Event: 13.989 GC heap after
Heap after GC invocations=8 (full 1):
 PSYoungGen      total 162304K, used 13291K [0x0000000780780000, 0x000000078fd80000, 0x00000007c0000000)
  eden space 148992K, 0% used [0x0000000780780000,0x0000000780780000,0x0000000789900000)
  from space 13312K, 99% used [0x0000000789900000,0x000000078a5fad00,0x000000078a600000)
  to   space 17408K, 0% used [0x000000078ec80000,0x000000078ec80000,0x000000078fd80000)
 ParOldGen       total 86016K, used 17921K [0x0000000701600000, 0x0000000706a00000, 0x0000000780780000)
  object space 86016K, 20% used [0x0000000701600000,0x0000000702780550,0x0000000706a00000)
 Metaspace       used 34914K, capacity 35324K, committed 35496K, reserved 1081344K
  class space    used 4223K, capacity 4348K, committed 4352K, reserved 1048576K
}
Event: 13.989 GC heap before
{Heap before GC invocations=9 (full 2):
 PSYoungGen      total 162304K, used 13291K [0x0000000780780000, 0x000000078fd80000, 0x00000007c0000000)
  eden space 148992K, 0% used [0x0000000780780000,0x0000000780780000,0x0000000789900000)
  from space 13312K, 99% used [0x0000000789900000,0x000000078a5fad00,0x000000078a600000)
  to   space 17408K, 0% used [0x000000078ec80000,0x000000078ec80000,0x000000078fd80000)
 ParOldGen       total 86016K, used 17921K [0x0000000701600000, 0x0000000706a00000, 0x0000000780780000)
  object space 86016K, 20% used [0x0000000701600000,0x0000000702780550,0x0000000706a00000)
 Metaspace       used 34914K, capacity 35324K, committed 35496K, reserved 1081344K
  class space    used 4223K, capacity 4348K, committed 4352K, reserved 1048576K
Event: 14.142 GC heap after
Heap after GC invocations=9 (full 2):
 PSYoungGen      total 162304K, used 0K [0x0000000780780000, 0x000000078fd80000, 0x00000007c0000000)
  eden space 148992K, 0% used [0x0000000780780000,0x0000000780780000,0x0000000789900000)
  from space 13312K, 0% used [0x0000000789900000,0x0000000789900000,0x000000078a600000)
  to   space 17408K, 0% used [0x000000078ec80000,0x000000078ec80000,0x000000078fd80000)
 ParOldGen       total 144896K, used 28644K [0x0000000701600000, 0x000000070a380000, 0x0000000780780000)
  object space 144896K, 19% used [0x0000000701600000,0x00000007031f9200,0x000000070a380000)
 Metaspace       used 34914K, capacity 35324K, committed 35496K, reserved 1081344K
  class space    used 4223K, capacity 4348K, committed 4352K, reserved 1048576K
}
Event: 23.689 GC heap before
{Heap before GC invocations=10 (full 2):
 PSYoungGen      total 162304K, used 148992K [0x0000000780780000, 0x000000078fd80000, 0x00000007c0000000)
  eden space 148992K, 100% used [0x0000000780780000,0x0000000789900000,0x0000000789900000)
  from space 13312K, 0% used [0x0000000789900000,0x0000000789900000,0x000000078a600000)
  to   space 17408K, 0% used [0x000000078ec80000,0x000000078ec80000,0x000000078fd80000)
 ParOldGen       total 144896K, used 28644K [0x0000000701600000, 0x000000070a380000, 0x0000000780780000)
  object space 144896K, 19% used [0x0000000701600000,0x00000007031f9200,0x000000070a380000)
 Metaspace       used 39174K, capacity 39704K, committed 39936K, reserved 1085440K
  class space    used 4686K, capacity 4822K, committed 4864K, reserved 1048576K
Event: 23.707 GC heap after
Heap after GC invocations=10 (full 2):
 PSYoungGen      total 208384K, used 6298K [0x0000000780780000, 0x000000078f300000, 0x00000007c0000000)
  eden space 201728K, 0% used [0x0000000780780000,0x0000000780780000,0x000000078cc80000)
  from space 6656K, 94% used [0x000000078ec80000,0x000000078f2a6b80,0x000000078f300000)
  to   space 17920K, 0% used [0x000000078d000000,0x000000078d000000,0x000000078e180000)
 ParOldGen       total 144896K, used 28652K [0x0000000701600000, 0x000000070a380000, 0x0000000780780000)
  object space 144896K, 19% used [0x0000000701600000,0x00000007031fb200,0x000000070a380000)
 Metaspace       used 39174K, capacity 39704K, committed 39936K, reserved 1085440K
  class space    used 4686K, capacity 4822K, committed 4864K, reserved 1048576K
}
Event: 28.969 GC heap before
{Heap before GC invocations=11 (full 2):
 PSYoungGen      total 208384K, used 208026K [0x0000000780780000, 0x000000078f300000, 0x00000007c0000000)
  eden space 201728K, 100% used [0x0000000780780000,0x000000078cc80000,0x000000078cc80000)
  from space 6656K, 94% used [0x000000078ec80000,0x000000078f2a6b80,0x000000078f300000)
  to   space 17920K, 0% used [0x000000078d000000,0x000000078d000000,0x000000078e180000)
 ParOldGen       total 144896K, used 28652K [0x0000000701600000, 0x000000070a380000, 0x0000000780780000)
  object space 144896K, 19% used [0x0000000701600000,0x00000007031fb200,0x000000070a380000)
 Metaspace       used 43447K, capacity 44076K, committed 44416K, reserved 1087488K
  class space    used 5234K, capacity 5396K, committed 5504K, reserved 1048576K
Event: 28.989 GC heap after
Heap after GC invocations=11 (full 2):
 PSYoungGen      total 219648K, used 15185K [0x0000000780780000, 0x000000078f300000, 0x00000007c0000000)
  eden space 201728K, 0% used [0x0000000780780000,0x0000000780780000,0x000000078cc80000)
  from space 17920K, 84% used [0x000000078d000000,0x000000078ded4688,0x000000078e180000)
  to   space 6656K, 0% used [0x000000078ec80000,0x000000078ec80000,0x000000078f300000)
 ParOldGen       total 144896K, used 28660K [0x0000000701600000, 0x000000070a380000, 0x0000000780780000)
  object space 144896K, 19% used [0x0000000701600000,0x00000007031fd200,0x000000070a380000)
 Metaspace       used 43447K, capacity 44076K, committed 44416K, reserved 1087488K
  class space    used 5234K, capacity 5396K, committed 5504K, reserved 1048576K
}

