# JRE version: Java(TM) SE Runtime Environment (8.0_91-b15) (build 1.8.0_91-b15)
# Java VM: Java HotSpot(TM) 64-Bit Server VM (25.91-b15 mixed mode windows-amd64 compressed oops)
Heap:
 PSYoungGen      total 234496K, used 76577K [0x0000000780780000, 0x0000000790380000, 0x00000007c0000000)
  eden space 216576K, 27% used [0x0000000780780000,0x00000007841d5378,0x000000078db00000)
  from space 17920K, 94% used [0x000000078e080000,0x000000078f0f33b8,0x000000078f200000)
  to   space 6656K, 0% used [0x000000078fd00000,0x000000078fd00000,0x0000000790380000)
 ParOldGen       total 139264K, used 28936K [0x0000000701600000, 0x0000000709e00000, 0x0000000780780000)
  object space 139264K, 20% used [0x0000000701600000,0x0000000703242150,0x0000000709e00000)
 Metaspace       used 45915K, capacity 46564K, committed 46720K, reserved 1089536K
  class space    used 5575K, capacity 5752K, committed 5760K, reserved 1048576K
GC Heap History (10 events):
Event: 10.865 GC heap before
{Heap before GC invocations=7 (full 1):
 PSYoungGen      total 106496K, used 105685K [0x0000000780780000, 0x000000078ba80000, 0x00000007c0000000)
  eden space 98304K, 100% used [0x0000000780780000,0x0000000786780000,0x0000000786780000)
  from space 8192K, 90% used [0x0000000786780000,0x0000000786eb5598,0x0000000786f80000)
  to   space 13824K, 0% used [0x000000078ad00000,0x000000078ad00000,0x000000078ba80000)
 ParOldGen       total 84480K, used 12072K [0x0000000701600000, 0x0000000706880000, 0x0000000780780000)
  object space 84480K, 14% used [0x0000000701600000,0x00000007021ca030,0x0000000706880000)
 Metaspace       used 30482K, capacity 30902K, committed 31104K, reserved 1077248K
  class space    used 3766K, capacity 3925K, committed 3968K, reserved 1048576K
Event: 10.895 GC heap after
Heap after GC invocations=7 (full 1):
 PSYoungGen      total 163328K, used 9929K [0x0000000780780000, 0x000000078b700000, 0x00000007c0000000)
  eden space 153088K, 0% used [0x0000000780780000,0x0000000780780000,0x0000000789d00000)
  from space 10240K, 96% used [0x000000078ad00000,0x000000078b6b25b0,0x000000078b700000)
  to   space 13312K, 0% used [0x0000000789d00000,0x0000000789d00000,0x000000078aa00000)
 ParOldGen       total 84480K, used 12080K [0x0000000701600000, 0x0000000706880000, 0x0000000780780000)
  object space 84480K, 14% used [0x0000000701600000,0x00000007021cc030,0x0000000706880000)
 Metaspace       used 30482K, capacity 30902K, committed 31104K, reserved 1077248K
  class space    used 3766K, capacity 3925K, committed 3968K, reserved 1048576K
}
Event: 13.930 GC heap before
{Heap before GC invocations=8 (full 1):
 PSYoungGen      total 163328K, used 106948K [0x0000000780780000, 0x000000078b700000, 0x00000007c0000000)
  eden space 153088K, 63% used [0x0000000780780000,0x000000078663ec28,0x0000000789d00000)
  from space 10240K, 96% used [0x000000078ad00000,0x000000078b6b25b0,0x000000078b700000)
  to   space 13312K, 0% used [0x0000000789d00000,0x0000000789d00000,0x000000078aa00000)
 ParOldGen       total 84480K, used 12080K [0x0000000701600000, 0x0000000706880000, 0x0000000780780000)
  object space 84480K, 14% used [0x0000000701600000,0x00000007021cc030,0x0000000706880000)
 Metaspace       used 34918K, capacity 35324K, committed 35496K, reserved 1081344K
  class space    used 4224K, capacity 4348K, committed 4352K, reserved 1048576K
Event: 13.953 GC heap after
Heap after GC invocations=8 (full 1):
 PSYoungGen      total 166400K, used 13292K [0x0000000780780000, 0x0000000790e00000, 0x00000007c0000000)
  eden space 153088K, 0% used [0x0000000780780000,0x0000000780780000,0x0000000789d00000)
  from space 13312K, 99% used [0x0000000789d00000,0x000000078a9fb020,0x000000078aa00000)
  to   space 17408K, 0% used [0x000000078fd00000,0x000000078fd00000,0x0000000790e00000)
 ParOldGen       total 84480K, used 18237K [0x0000000701600000, 0x0000000706880000, 0x0000000780780000)
  object space 84480K, 21% used [0x0000000701600000,0x00000007027cf440,0x0000000706880000)
 Metaspace       used 34918K, capacity 35324K, committed 35496K, reserved 1081344K
  class space    used 4224K, capacity 4348K, committed 4352K, reserved 1048576K
}
Event: 13.953 GC heap before
{Heap before GC invocations=9 (full 2):
 PSYoungGen      total 166400K, used 13292K [0x0000000780780000, 0x0000000790e00000, 0x00000007c0000000)
  eden space 153088K, 0% used [0x0000000780780000,0x0000000780780000,0x0000000789d00000)
  from space 13312K, 99% used [0x0000000789d00000,0x000000078a9fb020,0x000000078aa00000)
  to   space 17408K, 0% used [0x000000078fd00000,0x000000078fd00000,0x0000000790e00000)
 ParOldGen       total 84480K, used 18237K [0x0000000701600000, 0x0000000706880000, 0x0000000780780000)
  object space 84480K, 21% used [0x0000000701600000,0x00000007027cf440,0x0000000706880000)
 Metaspace       used 34918K, capacity 35324K, committed 35496K, reserved 1081344K
  class space    used 4224K, capacity 4348K, committed 4352K, reserved 1048576K
Event: 14.088 GC heap after
Heap after GC invocations=9 (full 2):
 PSYoungGen      total 166400K, used 0K [0x0000000780780000, 0x0000000790e00000, 0x00000007c0000000)
  eden space 153088K, 0% used [0x0000000780780000,0x0000000780780000,0x0000000789d00000)
  from space 13312K, 0% used [0x0000000789d00000,0x0000000789d00000,0x000000078aa00000)
  to   space 17408K, 0% used [0x000000078fd00000,0x000000078fd00000,0x0000000790e00000)
 ParOldGen       total 139264K, used 28928K [0x0000000701600000, 0x0000000709e00000, 0x0000000780780000)
  object space 139264K, 20% used [0x0000000701600000,0x0000000703240150,0x0000000709e00000)
 Metaspace       used 34918K, capacity 35324K, committed 35496K, reserved 1081344K
  class space    used 4224K, capacity 4348K, committed 4352K, reserved 1048576K
}
Event: 25.180 GC heap before
{Heap before GC invocations=10 (full 2):
 PSYoungGen      total 166400K, used 153088K [0x0000000780780000, 0x0000000790e00000, 0x00000007c0000000)
  eden space 153088K, 100% used [0x0000000780780000,0x0000000789d00000,0x0000000789d00000)
  from space 13312K, 0% used [0x0000000789d00000,0x0000000789d00000,0x000000078aa00000)
  to   space 17408K, 0% used [0x000000078fd00000,0x000000078fd00000,0x0000000790e00000)
 ParOldGen       total 139264K, used 28928K [0x0000000701600000, 0x0000000709e00000, 0x0000000780780000)
  object space 139264K, 20% used [0x0000000701600000,0x0000000703240150,0x0000000709e00000)
 Metaspace       used 39206K, capacity 39710K, committed 39936K, reserved 1085440K
  class space    used 4690K, capacity 4823K, committed 4864K, reserved 1048576K
Event: 25.193 GC heap after
Heap after GC invocations=10 (full 2):
 PSYoungGen      total 223232K, used 6269K [0x0000000780780000, 0x0000000790380000, 0x00000007c0000000)
  eden space 216576K, 0% used [0x0000000780780000,0x0000000780780000,0x000000078db00000)
  from space 6656K, 94% used [0x000000078fd00000,0x000000079031f570,0x0000000790380000)
  to   space 17920K, 0% used [0x000000078e080000,0x000000078e080000,0x000000078f200000)
 ParOldGen       total 139264K, used 28936K [0x0000000701600000, 0x0000000709e00000, 0x0000000780780000)
  object space 139264K, 20% used [0x0000000701600000,0x0000000703242150,0x0000000709e00000)
 Metaspace       used 39206K, capacity 39710K, committed 39936K, reserved 1085440K
  class space    used 4690K, capacity 4823K, committed 4864K, reserved 1048576K
}
Event: 29.697 GC heap before
{Heap before GC invocations=11 (full 2):
 PSYoungGen      total 223232K, used 222845K [0x0000000780780000, 0x0000000790380000, 0x00000007c0000000)
  eden space 216576K, 100% used [0x0000000780780000,0x000000078db00000,0x000000078db00000)
  from space 6656K, 94% used [0x000000078fd00000,0x000000079031f570,0x0000000790380000)
  to   space 17920K, 0% used [0x000000078e080000,0x000000078e080000,0x000000078f200000)
 ParOldGen       total 139264K, used 28936K [0x0000000701600000, 0x0000000709e00000, 0x0000000780780000)
  object space 139264K, 20% used [0x0000000701600000,0x0000000703242150,0x0000000709e00000)
 Metaspace       used 44038K, capacity 44684K, committed 44928K, reserved 1089536K
  class space    used 5317K, capacity 5492K, committed 5504K, reserved 1048576K
Event: 29.762 GC heap after
Heap after GC invocations=11 (full 2):
 PSYoungGen      total 234496K, used 16844K [0x0000000780780000, 0x0000000790380000, 0x00000007c0000000)
  eden space 216576K, 0% used [0x0000000780780000,0x0000000780780000,0x000000078db00000)
  from space 17920K, 94% used [0x000000078e080000,0x000000078f0f33b8,0x000000078f200000)
  to   space 6656K, 0% used [0x000000078fd00000,0x000000078fd00000,0x0000000790380000)
 ParOldGen       total 139264K, used 28936K [0x0000000701600000, 0x0000000709e00000, 0x0000000780780000)
  object space 139264K, 20% used [0x0000000701600000,0x0000000703242150,0x0000000709e00000)
 Metaspace       used 44038K, capacity 44684K, committed 44928K, reserved 1089536K
  class space    used 5317K, capacity 5492K, committed 5504K, reserved 1048576K
}

